<?xml version="1.0" encoding="UTF-8"?>
<!-- Generated by org.testng.reporters.JUnitReportReporter -->
<testsuite hostname="Shree-PC" failures="0" tests="1" name="testNGpack.TestClassTestNG" time="0.015" errors="0" timestamp="2023-01-27T00:40:11 IST" skipped="0">
  <testcase classname="testNGpack.TestClassTestNG" name="test" time="0.015"/>
  <system-out/>
</testsuite> <!-- testNGpack.TestClassTestNG -->
