<?xml version="1.0" encoding="UTF-8"?>
<!-- Generated by org.testng.reporters.JUnitReportReporter -->
<testsuite hostname="Shree-PC" failures="0" tests="2" name="testNGpack.TestSuit2" time="0.014" errors="0" timestamp="2023-01-27T00:18:10 IST" skipped="0">
  <testcase classname="testNGpack.TestSuit2" name="testB" time="0.011"/>
  <system-out/>
  <testcase classname="testNGpack.TestSuit2" name="testD" time="0.003"/>
  <system-out/>
</testsuite> <!-- testNGpack.TestSuit2 -->
