<?xml version="1.0" encoding="UTF-8"?>
<!-- Generated by org.testng.reporters.JUnitReportReporter -->
<testsuite hostname="Shree-PC" failures="0" tests="2" name="testNGpack.TestClass1CrossBrowser" time="10.995" errors="0" timestamp="2023-02-12T13:29:43 IST" skipped="0">
  <testcase classname="testNGpack.TestClass1CrossBrowser" name="test1" time="8.834"/>
  <system-out/>
  <testcase classname="testNGpack.TestClass1CrossBrowser" name="test1" time="2.161"/>
  <system-out/>
</testsuite> <!-- testNGpack.TestClass1CrossBrowser -->
