<?xml version="1.0" encoding="UTF-8"?>
<!-- Generated by org.testng.reporters.JUnitReportReporter -->
<testsuite hostname="Shree-PC" failures="0" tests="4" name="testNGpack.TestSuit1" time="0.009" errors="0" timestamp="2023-01-27T00:18:10 IST" skipped="0">
  <testcase classname="testNGpack.TestSuit1" name="test4" time="0.001"/>
  <system-out/>
  <testcase classname="testNGpack.TestSuit1" name="test1" time="0.002"/>
  <system-out/>
  <testcase classname="testNGpack.TestSuit1" name="test3" time="0.005"/>
  <system-out/>
  <testcase classname="testNGpack.TestSuit1" name="test2" time="0.001"/>
  <system-out/>
</testsuite> <!-- testNGpack.TestSuit1 -->
